0 info it worked if it ends with ok
1 verbose cli [ '/Users/evannelson/.nvm/versions/node/v6.2.2/bin/node',
1 verbose cli   '/Users/evannelson/.nvm/versions/node/v6.2.2/bin/npm',
1 verbose cli   'init' ]
2 info using npm@3.9.5
3 info using node@v6.2.2
4 silly package data undefined
5 info init written successfully
6 verbose stack TypeError: Cannot read property 'toUpperCase' of undefined
6 verbose stack     at Array.<anonymous> (/Users/evannelson/.nvm/versions/node/v6.2.2/lib/node_modules/npm/node_modules/validate-npm-package-license/node_modules/spdx-correct/index.js:82:23)
6 verbose stack     at validTransformation (/Users/evannelson/.nvm/versions/node/v6.2.2/lib/node_modules/npm/node_modules/validate-npm-package-license/node_modules/spdx-correct/index.js:173:36)
6 verbose stack     at module.exports (/Users/evannelson/.nvm/versions/node/v6.2.2/lib/node_modules/npm/node_modules/validate-npm-package-license/node_modules/spdx-correct/index.js:215:21)
6 verbose stack     at module.exports (/Users/evannelson/.nvm/versions/node/v6.2.2/lib/node_modules/npm/node_modules/validate-npm-package-license/index.js:60:23)
6 verbose stack     at /Users/evannelson/.nvm/versions/node/v6.2.2/lib/node_modules/npm/node_modules/init-package-json/default-input.js:232:13
6 verbose stack     at PromZard.<anonymous> (/Users/evannelson/.nvm/versions/node/v6.2.2/lib/node_modules/npm/node_modules/init-package-json/node_modules/promzard/promzard.js:226:19)
6 verbose stack     at Interface.onLine (/Users/evannelson/.nvm/versions/node/v6.2.2/lib/node_modules/npm/node_modules/read/lib/read.js:111:5)
6 verbose stack     at emitOne (events.js:96:13)
6 verbose stack     at Interface.emit (events.js:188:7)
6 verbose stack     at Interface._onLine (readline.js:224:10)
7 verbose cwd /Users/evannelson/Desktop/Bootcamp/Portfolio1
8 error Darwin 13.4.0
9 error argv "/Users/evannelson/.nvm/versions/node/v6.2.2/bin/node" "/Users/evannelson/.nvm/versions/node/v6.2.2/bin/npm" "init"
10 error node v6.2.2
11 error npm  v3.9.5
12 error Cannot read property 'toUpperCase' of undefined
13 error If you need help, you may report this error at:
13 error     <https://github.com/npm/npm/issues>
14 verbose exit [ 1, true ]
